<?xml version="1.0" encoding="UTF-8"?>
<testsuite xmlns:xsi="http://www.w3.org/2001/XMLSchema-instance" xsi:noNamespaceSchemaLocation="https://maven.apache.org/surefire/maven-surefire-plugin/xsd/surefire-test-report-3.0.xsd" version="3.0" name="com.javamsdt.UserRepositoryTest" time="0.927" tests="11" errors="0" skipped="0" failures="0">
  <properties>
    <property name="sonar.projectName" value="&apos;userservice&apos;"/>
    <property name="java.specification.version" value="17"/>
    <property name="sun.cpu.isalist" value="amd64"/>
    <property name="sonar.host.url" value="http://localhost:9000"/>
    <property name="sun.jnu.encoding" value="Cp1256"/>
    <property name="java.class.path" value="C:\Disk_D\Programming\Epam\Learn\Java Advanced Backend Core #1 [2023Q4 VS Group]\Java-Advanced-Backend-Core-1-2023Q4-VS-Group-\05-CodeQuality\Code\userservice\target\test-classes;C:\Disk_D\Programming\Epam\Learn\Java Advanced Backend Core #1 [2023Q4 VS Group]\Java-Advanced-Backend-Core-1-2023Q4-VS-Group-\05-CodeQuality\Code\userservice\target\classes;C:\Users\SEREN\.m2\repository\junit\junit\4.13.2\junit-4.13.2.jar;C:\Users\SEREN\.m2\repository\org\hamcrest\hamcrest-core\1.3\hamcrest-core-1.3.jar;C:\Users\SEREN\.m2\repository\org\mockito\mockito-core\5.2.0\mockito-core-5.2.0.jar;C:\Users\SEREN\.m2\repository\net\bytebuddy\byte-buddy\1.14.1\byte-buddy-1.14.1.jar;C:\Users\SEREN\.m2\repository\net\bytebuddy\byte-buddy-agent\1.14.1\byte-buddy-agent-1.14.1.jar;C:\Users\SEREN\.m2\repository\org\objenesis\objenesis\3.3\objenesis-3.3.jar;C:\Users\SEREN\.m2\repository\org\junit\jupiter\junit-jupiter\5.9.2\junit-jupiter-5.9.2.jar;C:\Users\SEREN\.m2\repository\org\junit\jupiter\junit-jupiter-api\5.9.2\junit-jupiter-api-5.9.2.jar;C:\Users\SEREN\.m2\repository\org\opentest4j\opentest4j\1.2.0\opentest4j-1.2.0.jar;C:\Users\SEREN\.m2\repository\org\junit\platform\junit-platform-commons\1.9.2\junit-platform-commons-1.9.2.jar;C:\Users\SEREN\.m2\repository\org\apiguardian\apiguardian-api\1.1.2\apiguardian-api-1.1.2.jar;C:\Users\SEREN\.m2\repository\org\junit\jupiter\junit-jupiter-params\5.9.2\junit-jupiter-params-5.9.2.jar;C:\Users\SEREN\.m2\repository\org\junit\jupiter\junit-jupiter-engine\5.9.2\junit-jupiter-engine-5.9.2.jar;C:\Users\SEREN\.m2\repository\org\junit\platform\junit-platform-engine\1.9.2\junit-platform-engine-1.9.2.jar;"/>
    <property name="java.vm.vendor" value="OpenLogic"/>
    <property name="sun.arch.data.model" value="64"/>
    <property name="user.variant" value=""/>
    <property name="java.vendor.url" value="https://openlogic.com/"/>
    <property name="user.timezone" value="Europe/Warsaw"/>
    <property name="os.name" value="Windows 10"/>
    <property name="java.vm.specification.version" value="17"/>
    <property name="sun.java.launcher" value="SUN_STANDARD"/>
    <property name="user.country" value="US"/>
    <property name="sun.boot.library.path" value="C:\Users\Public\tools\Java\openlogic-openjdk-17.0.6+10-windows-x64\bin"/>
    <property name="sun.java.command" value="C:\Users\SEREN\AppData\Local\Temp\surefire17390460060416240997\surefirebooter-20231220234014631_3.jar C:\Users\SEREN\AppData\Local\Temp\surefire17390460060416240997 2023-12-20T23-40-14_444-jvmRun1 surefire-20231220234014631_1tmp surefire_0-20231220234014631_2tmp"/>
    <property name="jdk.debug" value="release"/>
    <property name="surefire.test.class.path" value="C:\Disk_D\Programming\Epam\Learn\Java Advanced Backend Core #1 [2023Q4 VS Group]\Java-Advanced-Backend-Core-1-2023Q4-VS-Group-\05-CodeQuality\Code\userservice\target\test-classes;C:\Disk_D\Programming\Epam\Learn\Java Advanced Backend Core #1 [2023Q4 VS Group]\Java-Advanced-Backend-Core-1-2023Q4-VS-Group-\05-CodeQuality\Code\userservice\target\classes;C:\Users\SEREN\.m2\repository\junit\junit\4.13.2\junit-4.13.2.jar;C:\Users\SEREN\.m2\repository\org\hamcrest\hamcrest-core\1.3\hamcrest-core-1.3.jar;C:\Users\SEREN\.m2\repository\org\mockito\mockito-core\5.2.0\mockito-core-5.2.0.jar;C:\Users\SEREN\.m2\repository\net\bytebuddy\byte-buddy\1.14.1\byte-buddy-1.14.1.jar;C:\Users\SEREN\.m2\repository\net\bytebuddy\byte-buddy-agent\1.14.1\byte-buddy-agent-1.14.1.jar;C:\Users\SEREN\.m2\repository\org\objenesis\objenesis\3.3\objenesis-3.3.jar;C:\Users\SEREN\.m2\repository\org\junit\jupiter\junit-jupiter\5.9.2\junit-jupiter-5.9.2.jar;C:\Users\SEREN\.m2\repository\org\junit\jupiter\junit-jupiter-api\5.9.2\junit-jupiter-api-5.9.2.jar;C:\Users\SEREN\.m2\repository\org\opentest4j\opentest4j\1.2.0\opentest4j-1.2.0.jar;C:\Users\SEREN\.m2\repository\org\junit\platform\junit-platform-commons\1.9.2\junit-platform-commons-1.9.2.jar;C:\Users\SEREN\.m2\repository\org\apiguardian\apiguardian-api\1.1.2\apiguardian-api-1.1.2.jar;C:\Users\SEREN\.m2\repository\org\junit\jupiter\junit-jupiter-params\5.9.2\junit-jupiter-params-5.9.2.jar;C:\Users\SEREN\.m2\repository\org\junit\jupiter\junit-jupiter-engine\5.9.2\junit-jupiter-engine-5.9.2.jar;C:\Users\SEREN\.m2\repository\org\junit\platform\junit-platform-engine\1.9.2\junit-platform-engine-1.9.2.jar;"/>
    <property name="sun.cpu.endian" value="little"/>
    <property name="user.home" value="C:\Users\SEREN"/>
    <property name="user.language" value="en"/>
    <property name="java.specification.vendor" value="Oracle Corporation"/>
    <property name="java.version.date" value="2023-01-17"/>
    <property name="java.home" value="C:\Users\Public\tools\Java\openlogic-openjdk-17.0.6+10-windows-x64"/>
    <property name="file.separator" value="\"/>
    <property name="basedir" value="C:\Disk_D\Programming\Epam\Learn\Java Advanced Backend Core #1 [2023Q4 VS Group]\Java-Advanced-Backend-Core-1-2023Q4-VS-Group-\05-CodeQuality\Code\userservice"/>
    <property name="java.vm.compressedOopsMode" value="Zero based"/>
    <property name="line.separator" value="&#10;"/>
    <property name="java.vm.specification.vendor" value="Oracle Corporation"/>
    <property name="java.specification.name" value="Java Platform API Specification"/>
    <property name="surefire.real.class.path" value="C:\Users\SEREN\AppData\Local\Temp\surefire17390460060416240997\surefirebooter-20231220234014631_3.jar"/>
    <property name="user.script" value=""/>
    <property name="sun.management.compiler" value="HotSpot 64-Bit Tiered Compilers"/>
    <property name="java.runtime.version" value="17.0.6+10-adhoc..jdk17u"/>
    <property name="user.name" value="SEREN"/>
    <property name="path.separator" value=";"/>
    <property name="os.version" value="10.0"/>
    <property name="java.runtime.name" value="OpenJDK Runtime Environment"/>
    <property name="file.encoding" value="Cp1256"/>
    <property name="java.vm.name" value="OpenJDK 64-Bit Server VM"/>
    <property name="java.vendor.version" value="OpenLogic-OpenJDK"/>
    <property name="localRepository" value="C:\Users\SEREN\.m2\repository"/>
    <property name="java.vendor.url.bug" value="https://techsupport.roguewave.com/"/>
    <property name="java.io.tmpdir" value="C:\Users\SEREN\AppData\Local\Temp\"/>
    <property name="sonar.token" value="sqp_84c0c748e59144b78caa57ae6e5c64dfaa711275"/>
    <property name="java.version" value="17.0.6"/>
    <property name="user.dir" value="C:\Disk_D\Programming\Epam\Learn\Java Advanced Backend Core #1 [2023Q4 VS Group]\Java-Advanced-Backend-Core-1-2023Q4-VS-Group-\05-CodeQuality\Code\userservice"/>
    <property name="os.arch" value="amd64"/>
    <property name="java.vm.specification.name" value="Java Virtual Machine Specification"/>
    <property name="sun.os.patch.level" value=""/>
    <property name="native.encoding" value="Cp1256"/>
    <property name="sonar.projectKey" value="userservice"/>
    <property name="java.library.path" value="C:\Users\Public\tools\Java\openlogic-openjdk-17.0.6+10-windows-x64\bin;C:\WINDOWS\Sun\Java\bin;C:\WINDOWS\system32;C:\WINDOWS;C:\Program Files (x86)\Microsoft SDKs\Azure\CLI2\wbin;C:\WINDOWS\system32;C:\WINDOWS;C:\WINDOWS\System32\Wbem;C:\WINDOWS\System32\WindowsPowerShell\v1.0\;C:\WINDOWS\System32\OpenSSH\;C:\Program Files\dotnet\;C:\Program Files (x86)\Microsoft\Edge\Application\112.0.1722.48;C:\Users\Public\tools\Java\openlogic-openjdk-17.0.6+10-windows-x64\bin;C:\Users\Public\tools\Apache\apache-maven-3.9.1\bin;C:\Users\Public\tools\Gradle\gradle-8.1\bin;C:\Users\Public\tools\NodeJs\;C:\Program Files\Git\cmd;C:\Users\Public\tools\cloud_service\localstack;C:\Users\Public\tools\Android\platform-tools;C:\Users\Public\tools\Android\cmdline-tools\bin;C:\Users\Public\tools\Android\cmdline-tools;C:\Users\Public\tools\Android;C:\Users\Public\tools\Analyzer\sonarqube-10.3.0.82913\bin\windows-x86-64;;C:\Program Files\Docker\Docker\resources\bin;C:\Users\SEREN\AppData\Local\Programs\Python\Python311\Scripts\;C:\Users\SEREN\AppData\Local\Programs\Python\Python311\;C:\Users\SEREN\AppData\Local\Microsoft\WindowsApps;C:\Users\SEREN\AppData\Local\Programs\Microsoft VS Code\bin;C:\Users\SEREN\AppData\Roaming\npm;C:\Program Files\JetBrains\IntelliJ IDEA Community Edition 2022.3.2\bin;;;."/>
    <property name="java.vm.info" value="mixed mode, sharing"/>
    <property name="java.vendor" value="OpenLogic"/>
    <property name="java.vm.version" value="17.0.6+10-adhoc..jdk17u"/>
    <property name="sun.io.unicode.encoding" value="UnicodeLittle"/>
    <property name="java.class.version" value="61.0"/>
  </properties>
  <testcase name="updateUser_UserFound" classname="com.javamsdt.UserRepositoryTest" time="0.868"/>
  <testcase name="deleteUser_UserFound" classname="com.javamsdt.UserRepositoryTest" time="0.003"/>
  <testcase name="addUser" classname="com.javamsdt.UserRepositoryTest" time="0.001"/>
  <testcase name="getUserByUsername_UserNotFound" classname="com.javamsdt.UserRepositoryTest" time="0.002"/>
  <testcase name="getUsersByAddress" classname="com.javamsdt.UserRepositoryTest" time="0.006"/>
  <testcase name="getAllUsers" classname="com.javamsdt.UserRepositoryTest" time="0.002"/>
  <testcase name="getUsersByDateOfBirth" classname="com.javamsdt.UserRepositoryTest" time="0.001"/>
  <testcase name="updateUser_UserNotFound" classname="com.javamsdt.UserRepositoryTest" time="0.002"/>
  <testcase name="getUsersByEmail" classname="com.javamsdt.UserRepositoryTest" time="0.001"/>
  <testcase name="deleteUser_UserNotFound" classname="com.javamsdt.UserRepositoryTest" time="0.001"/>
  <testcase name="getUserByUsername_UserFound" classname="com.javamsdt.UserRepositoryTest" time="0.001"/>
</testsuite>